# JRE version: Java(TM) SE Runtime Environment (17.0+35) (build 17+35-LTS-2724)
# Java VM: Java HotSpot(TM) 64-Bit Server VM (17+35-LTS-2724, mixed mode, sharing, tiered, compressed oops, compressed class ptrs, g1 gc, windows-amd64)
GC Precious Log:
 CPUs: 8 total, 8 available
 Memory: 16192M
 Large Page Support: Disabled
 NUMA Support: Disabled
 Compressed Oops: Enabled (Zero based)
 Heap Region Size: 32M
 Heap Min Capacity: 512M
 Heap Initial Capacity: 512M
 Heap Max Capacity: 3G
 Pre-touch: Disabled
 Parallel Workers: 8
 Concurrent Workers: 2
 Concurrent Refinement Workers: 8
 Periodic GC: Disabled
Heap:
 garbage-first heap   total 983040K, used 437858K [0x0000000740000000, 0x0000000800000000)
  region size 32768K, 11 young (360448K), 1 survivors (32768K)
 Metaspace       used 54138K, committed 54912K, reserved 1097728K
  class space    used 8340K, committed 8704K, reserved 1048576K
GC Heap History (20 events):
Event: 128.142 GC heap before
{Heap before GC invocations=121 (full 0):
 garbage-first heap   total 983040K, used 683717K [0x0000000740000000, 0x0000000800000000)
  region size 32768K, 18 young (589824K), 1 survivors (32768K)
 Metaspace       used 53885K, committed 54656K, reserved 1097728K
  class space    used 8297K, committed 8640K, reserved 1048576K
}
Event: 128.145 GC heap after
{Heap after GC invocations=122 (full 0):
 garbage-first heap   total 983040K, used 127478K [0x0000000740000000, 0x0000000800000000)
  region size 32768K, 1 young (32768K), 1 survivors (32768K)
 Metaspace       used 53885K, committed 54656K, reserved 1097728K
  class space    used 8297K, committed 8640K, reserved 1048576K
}
Event: 129.550 GC heap before
{Heap before GC invocations=122 (full 0):
 garbage-first heap   total 983040K, used 684534K [0x0000000740000000, 0x0000000800000000)
  region size 32768K, 18 young (589824K), 1 survivors (32768K)
 Metaspace       used 53886K, committed 54656K, reserved 1097728K
  class space    used 8297K, committed 8640K, reserved 1048576K
}
Event: 129.552 GC heap after
{Heap after GC invocations=123 (full 0):
 garbage-first heap   total 983040K, used 126761K [0x0000000740000000, 0x0000000800000000)
  region size 32768K, 1 young (32768K), 1 survivors (32768K)
 Metaspace       used 53886K, committed 54656K, reserved 1097728K
  class space    used 8297K, committed 8640K, reserved 1048576K
}
Event: 130.907 GC heap before
{Heap before GC invocations=123 (full 0):
 garbage-first heap   total 983040K, used 683817K [0x0000000740000000, 0x0000000800000000)
  region size 32768K, 18 young (589824K), 1 survivors (32768K)
 Metaspace       used 53896K, committed 54656K, reserved 1097728K
  class space    used 8298K, committed 8640K, reserved 1048576K
}
Event: 130.910 GC heap after
{Heap after GC invocations=124 (full 0):
 garbage-first heap   total 983040K, used 127082K [0x0000000740000000, 0x0000000800000000)
  region size 32768K, 1 young (32768K), 1 survivors (32768K)
 Metaspace       used 53896K, committed 54656K, reserved 1097728K
  class space    used 8298K, committed 8640K, reserved 1048576K
}
Event: 132.159 GC heap before
{Heap before GC invocations=124 (full 0):
 garbage-first heap   total 983040K, used 684138K [0x0000000740000000, 0x0000000800000000)
  region size 32768K, 18 young (589824K), 1 survivors (32768K)
 Metaspace       used 53897K, committed 54656K, reserved 1097728K
  class space    used 8298K, committed 8640K, reserved 1048576K
}
Event: 132.162 GC heap after
{Heap after GC invocations=125 (full 0):
 garbage-first heap   total 983040K, used 127315K [0x0000000740000000, 0x0000000800000000)
  region size 32768K, 1 young (32768K), 1 survivors (32768K)
 Metaspace       used 53897K, committed 54656K, reserved 1097728K
  class space    used 8298K, committed 8640K, reserved 1048576K
}
Event: 133.439 GC heap before
{Heap before GC invocations=125 (full 0):
 garbage-first heap   total 983040K, used 684371K [0x0000000740000000, 0x0000000800000000)
  region size 32768K, 18 young (589824K), 1 survivors (32768K)
 Metaspace       used 53897K, committed 54656K, reserved 1097728K
  class space    used 8298K, committed 8640K, reserved 1048576K
}
Event: 133.442 GC heap after
{Heap after GC invocations=126 (full 0):
 garbage-first heap   total 983040K, used 127490K [0x0000000740000000, 0x0000000800000000)
  region size 32768K, 1 young (32768K), 1 survivors (32768K)
 Metaspace       used 53897K, committed 54656K, reserved 1097728K
  class space    used 8298K, committed 8640K, reserved 1048576K
}
Event: 134.802 GC heap before
{Heap before GC invocations=126 (full 0):
 garbage-first heap   total 983040K, used 684546K [0x0000000740000000, 0x0000000800000000)
  region size 32768K, 18 young (589824K), 1 survivors (32768K)
 Metaspace       used 53941K, committed 54720K, reserved 1097728K
  class space    used 8309K, committed 8640K, reserved 1048576K
}
Event: 134.806 GC heap after
{Heap after GC invocations=127 (full 0):
 garbage-first heap   total 983040K, used 127215K [0x0000000740000000, 0x0000000800000000)
  region size 32768K, 1 young (32768K), 1 survivors (32768K)
 Metaspace       used 53941K, committed 54720K, reserved 1097728K
  class space    used 8309K, committed 8640K, reserved 1048576K
}
Event: 136.138 GC heap before
{Heap before GC invocations=127 (full 0):
 garbage-first heap   total 983040K, used 684271K [0x0000000740000000, 0x0000000800000000)
  region size 32768K, 18 young (589824K), 1 survivors (32768K)
 Metaspace       used 53947K, committed 54720K, reserved 1097728K
  class space    used 8309K, committed 8640K, reserved 1048576K
}
Event: 136.141 GC heap after
{Heap after GC invocations=128 (full 0):
 garbage-first heap   total 983040K, used 127728K [0x0000000740000000, 0x0000000800000000)
  region size 32768K, 1 young (32768K), 1 survivors (32768K)
 Metaspace       used 53947K, committed 54720K, reserved 1097728K
  class space    used 8309K, committed 8640K, reserved 1048576K
}
Event: 137.485 GC heap before
{Heap before GC invocations=128 (full 0):
 garbage-first heap   total 983040K, used 684784K [0x0000000740000000, 0x0000000800000000)
  region size 32768K, 18 young (589824K), 1 survivors (32768K)
 Metaspace       used 53948K, committed 54720K, reserved 1097728K
  class space    used 8309K, committed 8640K, reserved 1048576K
}
Event: 137.488 GC heap after
{Heap after GC invocations=129 (full 0):
 garbage-first heap   total 983040K, used 127798K [0x0000000740000000, 0x0000000800000000)
  region size 32768K, 1 young (32768K), 1 survivors (32768K)
 Metaspace       used 53948K, committed 54720K, reserved 1097728K
  class space    used 8309K, committed 8640K, reserved 1048576K
}
Event: 138.878 GC heap before
{Heap before GC invocations=129 (full 0):
 garbage-first heap   total 983040K, used 684854K [0x0000000740000000, 0x0000000800000000)
  region size 32768K, 18 young (589824K), 1 survivors (32768K)
 Metaspace       used 53952K, committed 54720K, reserved 1097728K
  class space    used 8309K, committed 8640K, reserved 1048576K
}
Event: 138.881 GC heap after
{Heap after GC invocations=130 (full 0):
 garbage-first heap   total 983040K, used 127479K [0x0000000740000000, 0x0000000800000000)
  region size 32768K, 1 young (32768K), 1 survivors (32768K)
 Metaspace       used 53952K, committed 54720K, reserved 1097728K
  class space    used 8309K, committed 8640K, reserved 1048576K
}
Event: 140.371 GC heap before
{Heap before GC invocations=130 (full 0):
 garbage-first heap   total 983040K, used 651767K [0x0000000740000000, 0x0000000800000000)
  region size 32768K, 18 young (589824K), 1 survivors (32768K)
 Metaspace       used 54130K, committed 54912K, reserved 1097728K
  class space    used 8338K, committed 8704K, reserved 1048576K
}
Event: 140.383 GC heap after
{Heap after GC invocations=131 (full 0):
 garbage-first heap   total 983040K, used 142946K [0x0000000740000000, 0x0000000800000000)
  region size 32768K, 1 young (32768K), 1 survivors (32768K)
 Metaspace       used 54130K, committed 54912K, reserved 1097728K
  class space    used 8338K, committed 8704K, reserved 1048576K
}

